{
  "stats": {
    "suites": 1,
    "tests": 2,
    "passes": 2,
    "pending": 0,
    "failures": 0,
    "start": "2022-09-24T11:43:00.571Z",
    "end": "2022-09-24T11:43:21.970Z",
    "duration": 21399,
    "testsRegistered": 2,
    "passPercent": 100,
    "pendingPercent": 0,
    "other": 0,
    "hasOther": false,
    "skipped": 0,
    "hasSkipped": false
  },
  "results": [
    {
      "uuid": "c95d3452-54dc-4324-9651-80e449b1d65c",
      "title": "",
      "fullFile": "cypress\\integration\\examples\\cucumberTests\\ecommerce.feature",
      "file": "cypress\\integration\\examples\\cucumberTests\\ecommerce.feature",
      "beforeHooks": [],
      "afterHooks": [],
      "tests": [],
      "suites": [
        {
          "uuid": "0058dd0e-5e30-4756-9755-8afb8003be16",
          "title": "end to end ecommerce validation",
          "fullFile": "",
          "file": "",
          "beforeHooks": [],
          "afterHooks": [],
          "tests": [
            {
              "title": "ecommerce product delivery",
              "fullTitle": "end to end ecommerce validation ecommerce product delivery",
              "timedOut": null,
              "duration": 12631,
              "state": "passed",
              "speed": "slow",
              "pass": true,
              "fail": false,
              "pending": false,
              "context": null,
              "code": "const state = window.testState;\nreturn cy\n  .then(() => state.onStartScenario(scenario, indexedSteps))\n  .then(() =>\n    resolveAndRunBeforeHooks.call(this, scenario.tags, state.feature.name)\n  )\n  .then(() =>\n    indexedSteps.forEach((step) =>\n      stepTest.call(this, state, step, rowData)\n    )\n  )\n  .then(() => state.onFinishScenario(scenario));",
              "err": {},
              "uuid": "f2d93010-cf2d-444d-b954-9ef93af6f00b",
              "parentUUID": "0058dd0e-5e30-4756-9755-8afb8003be16",
              "isHook": false,
              "skipped": false
            },
            {
              "title": "Navigate to the shop cart page",
              "fullTitle": "end to end ecommerce validation Navigate to the shop cart page",
              "timedOut": null,
              "duration": 3255,
              "state": "passed",
              "speed": "fast",
              "pass": true,
              "fail": false,
              "pending": false,
              "context": null,
              "code": "const state = window.testState;\nreturn cy\n  .then(() => state.onStartScenario(scenario, indexedSteps))\n  .then(() =>\n    resolveAndRunBeforeHooks.call(this, scenario.tags, state.feature.name)\n  )\n  .then(() =>\n    indexedSteps.forEach((step) =>\n      stepTest.call(this, state, step, rowData)\n    )\n  )\n  .then(() => state.onFinishScenario(scenario));",
              "err": {},
              "uuid": "ab5e5182-9b7b-4b33-a5dd-d7c954db2662",
              "parentUUID": "0058dd0e-5e30-4756-9755-8afb8003be16",
              "isHook": false,
              "skipped": false
            }
          ],
          "suites": [],
          "passes": [
            "f2d93010-cf2d-444d-b954-9ef93af6f00b",
            "ab5e5182-9b7b-4b33-a5dd-d7c954db2662"
          ],
          "failures": [],
          "pending": [],
          "skipped": [],
          "duration": 15886,
          "root": false,
          "rootEmpty": false,
          "_timeout": 2000
        }
      ],
      "passes": [],
      "failures": [],
      "pending": [],
      "skipped": [],
      "duration": 0,
      "root": true,
      "rootEmpty": true,
      "_timeout": 2000
    }
  ],
  "meta": {
    "mocha": {
      "version": "7.0.1"
    },
    "mochawesome": {
      "options": {
        "quiet": false,
        "reportFilename": "mochawesome",
        "saveHtml": true,
        "saveJson": true,
        "consoleReporter": "spec",
        "useInlineDiffs": false,
        "code": true
      },
      "version": "7.1.3"
    },
    "marge": {
      "options": null,
      "version": "6.2.0"
    }
  }
}