{
  "stats": {
    "suites": 1,
    "tests": 2,
    "passes": 1,
    "pending": 1,
    "failures": 0,
    "start": "2022-09-24T11:28:45.655Z",
    "end": "2022-09-24T11:29:03.479Z",
    "duration": 17824,
    "testsRegistered": 2,
    "passPercent": 100,
    "pendingPercent": 50,
    "other": 0,
    "hasOther": false,
    "skipped": 1,
    "hasSkipped": true
  },
  "results": [
    {
      "uuid": "cecd0c05-041d-4eda-81d2-edeb70b590e0",
      "title": "",
      "fullFile": "cypress\\integration\\examples\\cucumberTests\\ecommerce.feature",
      "file": "cypress\\integration\\examples\\cucumberTests\\ecommerce.feature",
      "beforeHooks": [],
      "afterHooks": [],
      "tests": [],
      "suites": [
        {
          "uuid": "6e526092-a05e-4e8d-bb52-49081788d06c",
          "title": "end to end ecommerce validation",
          "fullFile": "",
          "file": "",
          "beforeHooks": [],
          "afterHooks": [],
          "tests": [
            {
              "title": "ecommerce product delivery",
              "fullTitle": "end to end ecommerce validation ecommerce product delivery",
              "timedOut": null,
              "duration": 12537,
              "state": "passed",
              "speed": "slow",
              "pass": true,
              "fail": false,
              "pending": false,
              "context": null,
              "code": "const state = window.testState;\nreturn cy\n  .then(() => state.onStartScenario(scenario, indexedSteps))\n  .then(() =>\n    resolveAndRunBeforeHooks.call(this, scenario.tags, state.feature.name)\n  )\n  .then(() =>\n    indexedSteps.forEach((step) =>\n      stepTest.call(this, state, step, rowData)\n    )\n  )\n  .then(() => state.onFinishScenario(scenario));",
              "err": {},
              "uuid": "cdb42cf1-5c5d-4e0f-97a4-34518dc13275",
              "parentUUID": "6e526092-a05e-4e8d-bb52-49081788d06c",
              "isHook": false,
              "skipped": false
            },
            {
              "title": "Navigate to the shop cart page",
              "fullTitle": "end to end ecommerce validation Navigate to the shop cart page",
              "timedOut": null,
              "duration": 53,
              "state": "pending",
              "speed": null,
              "pass": false,
              "fail": false,
              "pending": false,
              "context": null,
              "code": "// register this scenario with the cucumber data collector\n// but don't run it\n// Tell mocha this is a skipped test so it also shows correctly in Cypress\nconst state = window.testState;\ncy.then(() => state.onStartScenario(scenario, indexedSteps))\n  .then(() => state.onFinishScenario(scenario))\n  // eslint-disable-next-line func-names\n  .then(function () {\n    return this.skip();\n  });",
              "err": {},
              "uuid": "73744bb7-9a73-423a-92dc-0ff60537fd0f",
              "parentUUID": "6e526092-a05e-4e8d-bb52-49081788d06c",
              "isHook": false,
              "skipped": true
            }
          ],
          "suites": [],
          "passes": [
            "cdb42cf1-5c5d-4e0f-97a4-34518dc13275"
          ],
          "failures": [],
          "pending": [],
          "skipped": [
            "73744bb7-9a73-423a-92dc-0ff60537fd0f"
          ],
          "duration": 12590,
          "root": false,
          "rootEmpty": false,
          "_timeout": 2000
        }
      ],
      "passes": [],
      "failures": [],
      "pending": [],
      "skipped": [],
      "duration": 0,
      "root": true,
      "rootEmpty": true,
      "_timeout": 2000
    }
  ],
  "meta": {
    "mocha": {
      "version": "7.0.1"
    },
    "mochawesome": {
      "options": {
        "quiet": false,
        "reportFilename": "mochawesome",
        "saveHtml": true,
        "saveJson": true,
        "consoleReporter": "spec",
        "useInlineDiffs": false,
        "code": true
      },
      "version": "7.1.3"
    },
    "marge": {
      "options": null,
      "version": "6.2.0"
    }
  }
}