{
  "stats": {
    "suites": 1,
    "tests": 1,
    "passes": 1,
    "pending": 0,
    "failures": 0,
    "start": "2022-09-13T11:00:03.291Z",
    "end": "2022-09-13T11:00:16.723Z",
    "duration": 13432,
    "testsRegistered": 1,
    "passPercent": 100,
    "pendingPercent": 0,
    "other": 0,
    "hasOther": false,
    "skipped": 0,
    "hasSkipped": false
  },
  "results": [
    {
      "uuid": "8de304a7-4ab2-47c8-b006-9fe320cc9445",
      "title": "",
      "fullFile": "cypress/integration/examples/newFramework.js",
      "file": "cypress/integration/examples/newFramework.js",
      "beforeHooks": [],
      "afterHooks": [],
      "tests": [],
      "suites": [
        {
          "uuid": "e5393273-751c-485f-b7d3-f11d08f5ea5a",
          "title": "NewFramework",
          "fullFile": "",
          "file": "",
          "beforeHooks": [],
          "afterHooks": [],
          "tests": [
            {
              "title": "HomePage",
              "fullTitle": "NewFramework HomePage",
              "timedOut": null,
              "duration": 11205,
              "state": "passed",
              "speed": "slow",
              "pass": true,
              "fail": false,
              "pending": false,
              "context": null,
              "code": "cy.on('uncaught:exception', (err, runnable) => {\n  return false;\n});\nconst homepage = new _homepage.default();\nconst shopproducts = new _ProductPage.default();\nconst checkout = new _checkoutPage.default(); //const purchasebutton = new purchasePage()\ncy.visit(Cypress.env('url'));\nhomepage.getName().type(this.data.name);\nhomepage.getEmail().type(this.data.email);\nhomepage.getPassword().type(this.data.password);\nhomepage.getGender().select(this.data.gender);\nhomepage.getTwoWayDataBinding().should('have.value', this.data.name);\nhomepage.getShopTab().click();\nthis.data.prodname.forEach(function (element) {\n  cy.selectproduct(element);\n});\nshopproducts.addProducts().click();\nvar sum = 0;\ncheckout.getSum().each((el, index, $list) => {\n  cy.log(el.text());\n  const sumText = el.text().split(' ');\n  var sumValue = Number(sumText[1].trim()); //cy.log(sumValue)\n  sum = Number(sum) + sumValue;\n}).then(function () {\n  cy.log(sum);\n});\ncy.get('tr td:nth-child(5) h3').then(function (el) {\n  const totalText = el.text().split(\" \");\n  var totalValue = Number(totalText[1].trim());\n  cy.log(totalValue);\n  expect(sum).to.equal(totalValue);\n});\ncheckout.clickCheckOut().click();\ncy.get('#country').type(\"India\");\nCypress.config('defaultCommandTimeout', 10000);\ncy.get('.suggestions ul li a').each((el, index, $list) => {\n  if (el.text() == \"India\") {\n    cy.get('.suggestions > ul > li > a').click();\n  }\n});\ncy.get('#checkbox2').click({\n  force: true\n});\ncy.get('.btn.btn-success.btn-lg').click(); //cy.get('.alert').should('have.text', 'Success! Thank you! Your order will be delivered in next few weeks')\n// the above statement fails because when cypress grabs the text, it includes some additional characters which fail the test.\n// The alternate statement is \ncy.get('.alert').then(function (element) {\n  expect(element.text().includes('Success! Thank you! Your order will be delivered in next few weeks')).to.be.true;\n});",
              "err": {},
              "uuid": "b044bf69-23c3-4cf4-a55e-9e536d18aa8a",
              "parentUUID": "e5393273-751c-485f-b7d3-f11d08f5ea5a",
              "isHook": false,
              "skipped": false
            }
          ],
          "suites": [],
          "passes": [
            "b044bf69-23c3-4cf4-a55e-9e536d18aa8a"
          ],
          "failures": [],
          "pending": [],
          "skipped": [],
          "duration": 11205,
          "root": false,
          "rootEmpty": false,
          "_timeout": 2000
        }
      ],
      "passes": [],
      "failures": [],
      "pending": [],
      "skipped": [],
      "duration": 0,
      "root": true,
      "rootEmpty": true,
      "_timeout": 2000
    }
  ],
  "meta": {
    "mocha": {
      "version": "7.0.1"
    },
    "mochawesome": {
      "options": {
        "quiet": false,
        "reportFilename": "mochawesome",
        "saveHtml": true,
        "saveJson": true,
        "consoleReporter": "spec",
        "useInlineDiffs": false,
        "code": true
      },
      "version": "7.1.3"
    },
    "marge": {
      "options": null,
      "version": "6.2.0"
    }
  }
}